2023-10-31 16:24:09,158 INFO    MainThread:345858 [internal.py:wandb_internal():90] W&B internal server running at pid: 345858, started at: 2023-10-31 16:24:09.158616
2023-10-31 16:24:09,160 INFO    WriterThread:345858 [datastore.py:open_for_write():75] open: /home/tbertrand/Bureau/ULM_4channel_pull/wandb/run-20231031_162408-2i4hifkp/run-2i4hifkp.wandb
2023-10-31 16:24:09,160 DEBUG   SenderThread:345858 [sender.py:send():232] send: header
2023-10-31 16:24:09,160 DEBUG   SenderThread:345858 [sender.py:send():232] send: run
2023-10-31 16:24:09,317 ERROR   SenderThread:345858 [internal_api.py:execute():143] 403 response executing GraphQL.
2023-10-31 16:24:09,318 ERROR   SenderThread:345858 [internal_api.py:execute():144] {"errors":[{"message":"permission denied","path":["upsertBucket"],"extensions":{"code":"PERMISSION_ERROR"}}],"data":{"upsertBucket":null}}
2023-10-31 16:24:10,161 INFO    WriterThread:345858 [datastore.py:close():279] close: /home/tbertrand/Bureau/ULM_4channel_pull/wandb/run-20231031_162408-2i4hifkp/run-2i4hifkp.wandb
2023-10-31 16:24:10,161 INFO    HandlerThread:345858 [handler.py:finish():806] shutting down handler
2023-10-31 16:24:10,162 ERROR   MainThread:345858 [internal.py:wandb_internal():165] Thread SenderThread:
Traceback (most recent call last):
  File "/home/tbertrand/anaconda3/envs/ULM_landmark/lib/python3.8/site-packages/wandb/sdk/lib/retry.py", line 102, in __call__
    result = self._call_fn(*args, **kwargs)
  File "/home/tbertrand/anaconda3/envs/ULM_landmark/lib/python3.8/site-packages/wandb/sdk/internal/internal_api.py", line 140, in execute
    return self.client.execute(*args, **kwargs)
  File "/home/tbertrand/anaconda3/envs/ULM_landmark/lib/python3.8/site-packages/wandb/vendor/gql-0.2.0/wandb_gql/client.py", line 52, in execute
    result = self._get_result(document, *args, **kwargs)
  File "/home/tbertrand/anaconda3/envs/ULM_landmark/lib/python3.8/site-packages/wandb/vendor/gql-0.2.0/wandb_gql/client.py", line 60, in _get_result
    return self.transport.execute(document, *args, **kwargs)
  File "/home/tbertrand/anaconda3/envs/ULM_landmark/lib/python3.8/site-packages/wandb/vendor/gql-0.2.0/wandb_gql/transport/requests.py", line 39, in execute
    request.raise_for_status()
  File "/home/tbertrand/anaconda3/envs/ULM_landmark/lib/python3.8/site-packages/requests/models.py", line 1021, in raise_for_status
    raise HTTPError(http_error_msg, response=self)
requests.exceptions.HTTPError: 403 Client Error: Forbidden for url: https://api.wandb.ai/graphql

During handling of the above exception, another exception occurred:

Traceback (most recent call last):
  File "/home/tbertrand/anaconda3/envs/ULM_landmark/lib/python3.8/site-packages/wandb/apis/normalize.py", line 22, in wrapper
    return func(*args, **kwargs)
  File "/home/tbertrand/anaconda3/envs/ULM_landmark/lib/python3.8/site-packages/wandb/sdk/internal/internal_api.py", line 1319, in upsert_run
    response = self.gql(mutation, variable_values=variable_values, **kwargs)
  File "/home/tbertrand/anaconda3/envs/ULM_landmark/lib/python3.8/site-packages/wandb/sdk/lib/retry.py", line 118, in __call__
    if not check_retry_fn(e):
  File "/home/tbertrand/anaconda3/envs/ULM_landmark/lib/python3.8/site-packages/wandb/util.py", line 882, in no_retry_auth
    raise CommError("Permission denied, ask the project owner to grant you access")
wandb.errors.CommError: Permission denied, ask the project owner to grant you access

During handling of the above exception, another exception occurred:

Traceback (most recent call last):
  File "/home/tbertrand/anaconda3/envs/ULM_landmark/lib/python3.8/site-packages/wandb/sdk/internal/internal_util.py", line 51, in run
    self._run()
  File "/home/tbertrand/anaconda3/envs/ULM_landmark/lib/python3.8/site-packages/wandb/sdk/internal/internal_util.py", line 102, in _run
    self._process(record)
  File "/home/tbertrand/anaconda3/envs/ULM_landmark/lib/python3.8/site-packages/wandb/sdk/internal/internal.py", line 310, in _process
    self._sm.send(record)
  File "/home/tbertrand/anaconda3/envs/ULM_landmark/lib/python3.8/site-packages/wandb/sdk/internal/sender.py", line 234, in send
    send_handler(record)
  File "/home/tbertrand/anaconda3/envs/ULM_landmark/lib/python3.8/site-packages/wandb/sdk/internal/sender.py", line 692, in send_run
    self._init_run(run, config_value_dict)
  File "/home/tbertrand/anaconda3/envs/ULM_landmark/lib/python3.8/site-packages/wandb/sdk/internal/sender.py", line 716, in _init_run
    server_run, inserted = self._api.upsert_run(
  File "/home/tbertrand/anaconda3/envs/ULM_landmark/lib/python3.8/site-packages/wandb/apis/normalize.py", line 58, in wrapper
    raise CommError(message, err).with_traceback(sys.exc_info()[2])
  File "/home/tbertrand/anaconda3/envs/ULM_landmark/lib/python3.8/site-packages/wandb/apis/normalize.py", line 22, in wrapper
    return func(*args, **kwargs)
  File "/home/tbertrand/anaconda3/envs/ULM_landmark/lib/python3.8/site-packages/wandb/sdk/internal/internal_api.py", line 1319, in upsert_run
    response = self.gql(mutation, variable_values=variable_values, **kwargs)
  File "/home/tbertrand/anaconda3/envs/ULM_landmark/lib/python3.8/site-packages/wandb/sdk/lib/retry.py", line 118, in __call__
    if not check_retry_fn(e):
  File "/home/tbertrand/anaconda3/envs/ULM_landmark/lib/python3.8/site-packages/wandb/util.py", line 882, in no_retry_auth
    raise CommError("Permission denied, ask the project owner to grant you access")
wandb.errors.CommError: Permission denied, ask the project owner to grant you access
2023-10-31 16:24:12,186 INFO    MainThread:345858 [internal.py:handle_exit():80] Internal process exited
